/mnt/d/programming/ROS2/ROS2_WS/install/my_python_pkg/lib/python3.8/site-packages/my_python_pkg/my_first_python_node.py
/mnt/d/programming/ROS2/ROS2_WS/install/my_python_pkg/lib/python3.8/site-packages/my_python_pkg/Publisher.py
/mnt/d/programming/ROS2/ROS2_WS/install/my_python_pkg/lib/python3.8/site-packages/my_python_pkg/Subscriber.py
/mnt/d/programming/ROS2/ROS2_WS/install/my_python_pkg/lib/python3.8/site-packages/my_python_pkg/__init__.py
/mnt/d/programming/ROS2/ROS2_WS/install/my_python_pkg/lib/python3.8/site-packages/my_python_pkg/__pycache__/my_first_python_node.cpython-38.pyc
/mnt/d/programming/ROS2/ROS2_WS/install/my_python_pkg/lib/python3.8/site-packages/my_python_pkg/__pycache__/Publisher.cpython-38.pyc
/mnt/d/programming/ROS2/ROS2_WS/install/my_python_pkg/lib/python3.8/site-packages/my_python_pkg/__pycache__/Subscriber.cpython-38.pyc
/mnt/d/programming/ROS2/ROS2_WS/install/my_python_pkg/lib/python3.8/site-packages/my_python_pkg/__pycache__/__init__.cpython-38.pyc
/mnt/d/programming/ROS2/ROS2_WS/install/my_python_pkg/share/ament_index/resource_index/packages/my_python_pkg
/mnt/d/programming/ROS2/ROS2_WS/install/my_python_pkg/share/my_python_pkg/package.xml
/mnt/d/programming/ROS2/ROS2_WS/install/my_python_pkg/lib/python3.8/site-packages/my_python_pkg-0.0.0-py3.8.egg-info/dependency_links.txt
/mnt/d/programming/ROS2/ROS2_WS/install/my_python_pkg/lib/python3.8/site-packages/my_python_pkg-0.0.0-py3.8.egg-info/entry_points.txt
/mnt/d/programming/ROS2/ROS2_WS/install/my_python_pkg/lib/python3.8/site-packages/my_python_pkg-0.0.0-py3.8.egg-info/PKG-INFO
/mnt/d/programming/ROS2/ROS2_WS/install/my_python_pkg/lib/python3.8/site-packages/my_python_pkg-0.0.0-py3.8.egg-info/requires.txt
/mnt/d/programming/ROS2/ROS2_WS/install/my_python_pkg/lib/python3.8/site-packages/my_python_pkg-0.0.0-py3.8.egg-info/SOURCES.txt
/mnt/d/programming/ROS2/ROS2_WS/install/my_python_pkg/lib/python3.8/site-packages/my_python_pkg-0.0.0-py3.8.egg-info/top_level.txt
/mnt/d/programming/ROS2/ROS2_WS/install/my_python_pkg/lib/python3.8/site-packages/my_python_pkg-0.0.0-py3.8.egg-info/zip-safe
/mnt/d/programming/ROS2/ROS2_WS/install/my_python_pkg/lib/my_python_pkg/publisher
/mnt/d/programming/ROS2/ROS2_WS/install/my_python_pkg/lib/my_python_pkg/python_node
/mnt/d/programming/ROS2/ROS2_WS/install/my_python_pkg/lib/my_python_pkg/subscriber
